[21:27:31] [ServerMain/INFO]: Environment: Environment[accountsHost=https://api.mojang.com, sessionHost=https://sessionserver.mojang.com, servicesHost=https://api.minecraftservices.com, name=PROD]
[21:27:33] [ServerMain/INFO]: Loaded 7 recipes
[21:27:33] [Server thread/INFO]: Starting minecraft server version 1.20.2
[21:27:33] [Server thread/INFO]: Loading properties
[21:27:33] [Server thread/INFO]: This server is running Purpur version git-Purpur-2086 (MC: 1.20.2) (Implementing API version 1.20.2-R0.1-SNAPSHOT) (Git: c9aee07 on HEAD)
[21:27:33] [Server thread/INFO]: Using 4 threads for Netty based IO
[21:27:33] [Server thread/INFO]: Server Ping Player Sample Count: 12
[21:27:33] [Server thread/INFO]: [ChunkTaskScheduler] Chunk system is using 1 I/O threads, 6 worker threads, and gen parallelism of 6 threads
[21:27:34] [Server thread/INFO]: [Pufferfish] Max SIMD vector size on this system is 256 bits (int)
[21:27:34] [Server thread/INFO]: [Pufferfish] Max SIMD vector size on this system is 256 bits (float)
[21:27:34] [Server thread/INFO]: [Pufferfish] SIMD operations detected as functional. Will replace some operations with faster versions.
[21:27:34] [Server thread/INFO]: Default game type: SURVIVAL
[21:27:34] [Server thread/INFO]: Generating keypair
[21:27:34] [Server thread/INFO]: Starting Minecraft server on *:25565
[21:27:34] [Server thread/INFO]: Using default channel type
[21:27:34] [Server thread/INFO]: Paper: Using Java compression from Velocity.
[21:27:34] [Server thread/INFO]: Paper: Using Java cipher from Velocity.
[21:27:34] [Server thread/WARN]: [org.bukkit.craftbukkit.v1_20_R2.legacy.CraftLegacy] Initializing Legacy Material Support. Unless you have legacy plugins and/or data this is a bug!
[21:27:36] [Server thread/WARN]: Legacy plugin AutoReload v4.6 does not specify an api-version.
[21:27:36] [Server thread/INFO]: [spark] Loading server plugin spark v1.10.59
[21:27:36] [Server thread/INFO]: [Vanquor] Loading server plugin Vanquor v0.1.0
[21:27:36] [Server thread/INFO]: [AutoReload] Loading server plugin AutoReload v4.6
[21:27:36] [Server thread/INFO]: Server permissions file permissions.yml is empty, ignoring it
[21:27:36] [Server thread/INFO]: Preparing level "world"
[21:27:36] [Server thread/INFO]: Preparing start region for dimension minecraft:overworld
[21:27:36] [Server thread/INFO]: Time elapsed: 209 ms
[21:27:36] [Server thread/INFO]: Preparing start region for dimension minecraft:the_nether
[21:27:37] [Server thread/INFO]: Time elapsed: 17 ms
[21:27:37] [Server thread/INFO]: Preparing start region for dimension minecraft:the_end
[21:27:37] [Server thread/INFO]: Time elapsed: 16 ms
[21:27:37] [Server thread/INFO]: [spark] Enabling spark v1.10.59
[21:27:37] [Server thread/INFO]: [spark] Using Paper ServerTickStartEvent for tick monitoring
[21:27:38] [Server thread/INFO]: [spark] Starting background profiler...
[21:27:38] [Server thread/INFO]: [spark] The async-profiler engine is not supported for your os/arch (windows11/amd64), so the built-in Java engine will be used instead.
[21:27:38] [Server thread/INFO]: [Vanquor] Enabling Vanquor v0.1.0
[21:27:38] [Server thread/INFO]: Vanquor > Vanquor loaded
[21:27:38] [Server thread/INFO]: [AutoReload] Enabling AutoReload v4.6*
[21:27:38] [Server thread/INFO]: Running delayed init tasks
[21:27:38] [Server thread/INFO]: Done (5.054s)! For help, type "help"
[21:27:43] [User Authenticator #0/INFO]: UUID of player Waradu is 621755d2-5cf7-48d6-acc6-73b539b66aac
[21:27:43] [Server thread/INFO]: Waradu joined the game
[21:27:43] [Server thread/INFO]: Waradu[/127.0.0.1:61357] logged in with entity id 250 at ([world]-30.192126532522366, 74.0, 30.250294740327906)
[21:27:43] [User Authenticator #0/INFO]: UUID of player Warrradu is d3e72b44-5fe3-4f8d-a76b-fb3a2ad3554e
[21:27:44] [Server thread/INFO]: Warrradu joined the game
[21:27:44] [Server thread/INFO]: Warrradu[/127.0.0.1:61361] logged in with entity id 283 at ([world]-34.04301373193984, 74.0, 29.56669823934921)
[21:27:46] [User Authenticator #0/INFO]: UUID of player Eljooo is a34191e7-0b2f-4d74-b424-17366f5d1411
[21:27:46] [Server thread/INFO]: Eljooo joined the game
[21:27:46] [Server thread/INFO]: Eljooo[/127.0.0.1:61364] logged in with entity id 292 at ([world]-32.5, 74.0, 26.5)
[21:27:47] [User Authenticator #0/INFO]: UUID of player Einfach_Joah is fba4af7f-b427-49e0-bb76-5a5a3d2258a5
[21:27:47] [Server thread/INFO]: Einfach_Joah joined the game
[21:27:47] [Server thread/INFO]: Einfach_Joah[/127.0.0.1:61367] logged in with entity id 297 at ([world]-32.54764673332831, 74.0, 32.42004501008006)
[21:27:54] [Server thread/INFO]: Waradu issued server command: /start
[21:28:50] [Server thread/INFO]: Waradu issued server command: /start
[21:29:10] [Server thread/INFO]: [AutoReload] 
--------------------------------------------
Found the update of folder.
§7FileName: Vanquor-0.1.0.jar
[21:29:10] [Server thread/INFO]: §CFound the update of folder.
FileName: Vanquor-0.1.0.jar
[21:29:10] [Server thread/INFO]: Using 4 threads for Netty based IO
[21:29:10] [Server thread/INFO]: Server Ping Player Sample Count: 12
[21:29:10] [Server thread/INFO]: [AutoReload] Disabling AutoReload v4.6
[21:29:10] [Server thread/INFO]: [Vanquor] Disabling Vanquor v0.1.0
[21:29:10] [Server thread/INFO]: [spark] Disabling spark v1.10.59
[21:29:10] [Server thread/INFO]: Loaded 7 recipes
[21:29:11] [Server thread/WARN]: Legacy plugin AutoReload v4.6 does not specify an api-version.
[21:29:11] [Server thread/INFO]: [spark] Loading server plugin spark v1.10.59
[21:29:11] [Server thread/INFO]: [Vanquor] Loading server plugin Vanquor v0.1.0
[21:29:11] [Server thread/INFO]: [AutoReload] Loading server plugin AutoReload v4.6
[21:29:11] [Server thread/INFO]: Server permissions file permissions.yml is empty, ignoring it
[21:29:11] [Server thread/INFO]: [spark] Enabling spark v1.10.59
[21:29:11] [Server thread/INFO]: [spark] Using Paper ServerTickStartEvent for tick monitoring
[21:29:11] [Server thread/INFO]: [spark] Starting background profiler...
[21:29:11] [Server thread/INFO]: [spark] The async-profiler engine is not supported for your os/arch (windows11/amd64), so the built-in Java engine will be used instead.
[21:29:11] [Server thread/INFO]: [Vanquor] Enabling Vanquor v0.1.0
[21:29:11] [Server thread/INFO]: Vanquor > Vanquor loaded
[21:29:11] [Server thread/INFO]: [AutoReload] Enabling AutoReload v4.6*
[21:29:11] [Server thread/INFO]: [AutoReload] 
--------------------------------------------
Reload complete
[21:29:11] [Server thread/INFO]: §CReload complete
[21:29:18] [Server thread/INFO]: [AutoReload] 
--------------------------------------------
Found the update of folder.
§7FileName: Vanquor-0.1.0.jar
[21:29:18] [Server thread/INFO]: §CFound the update of folder.
FileName: Vanquor-0.1.0.jar
[21:29:18] [Server thread/INFO]: Using 4 threads for Netty based IO
[21:29:18] [Server thread/INFO]: Server Ping Player Sample Count: 12
[21:29:18] [Server thread/INFO]: [AutoReload] Disabling AutoReload v4.6
[21:29:18] [Server thread/INFO]: [Vanquor] Disabling Vanquor v0.1.0
[21:29:18] [Server thread/INFO]: [spark] Disabling spark v1.10.59
[21:29:18] [Server thread/INFO]: Loaded 7 recipes
[21:29:18] [Server thread/WARN]: Legacy plugin AutoReload v4.6 does not specify an api-version.
[21:29:18] [Server thread/INFO]: [spark] Loading server plugin spark v1.10.59
[21:29:18] [Server thread/INFO]: [Vanquor] Loading server plugin Vanquor v0.1.0
[21:29:18] [Server thread/INFO]: [AutoReload] Loading server plugin AutoReload v4.6
[21:29:18] [Server thread/INFO]: Server permissions file permissions.yml is empty, ignoring it
[21:29:18] [Server thread/INFO]: [spark] Enabling spark v1.10.59
[21:29:19] [Server thread/INFO]: [spark] Using Paper ServerTickStartEvent for tick monitoring
[21:29:19] [Server thread/INFO]: [spark] Starting background profiler...
[21:29:19] [Server thread/INFO]: [spark] The async-profiler engine is not supported for your os/arch (windows11/amd64), so the built-in Java engine will be used instead.
[21:29:19] [Server thread/INFO]: [Vanquor] Enabling Vanquor v0.1.0
[21:29:19] [Server thread/INFO]: Vanquor > Vanquor loaded
[21:29:19] [Server thread/INFO]: [AutoReload] Enabling AutoReload v4.6*
[21:29:19] [Server thread/INFO]: [AutoReload] 
--------------------------------------------
Reload complete
[21:29:19] [Server thread/INFO]: §CReload complete
[21:30:15] [Server thread/INFO]: [AutoReload] 
--------------------------------------------
Found the update of folder.
§7FileName: Vanquor-0.1.0.jar
[21:30:15] [Server thread/INFO]: §CFound the update of folder.
FileName: Vanquor-0.1.0.jar
[21:30:15] [Server thread/INFO]: Using 4 threads for Netty based IO
[21:30:15] [Server thread/INFO]: Server Ping Player Sample Count: 12
[21:30:15] [Server thread/INFO]: [AutoReload] Disabling AutoReload v4.6
[21:30:15] [Server thread/INFO]: [Vanquor] Disabling Vanquor v0.1.0
[21:30:15] [Server thread/INFO]: [spark] Disabling spark v1.10.59
[21:30:15] [Server thread/INFO]: Loaded 7 recipes
[21:30:15] [Server thread/WARN]: Legacy plugin AutoReload v4.6 does not specify an api-version.
[21:30:15] [Server thread/INFO]: [spark] Loading server plugin spark v1.10.59
[21:30:15] [Server thread/INFO]: [Vanquor] Loading server plugin Vanquor v0.1.0
[21:30:15] [Server thread/INFO]: [AutoReload] Loading server plugin AutoReload v4.6
[21:30:15] [Server thread/INFO]: Server permissions file permissions.yml is empty, ignoring it
[21:30:15] [Server thread/INFO]: [spark] Enabling spark v1.10.59
[21:30:15] [Server thread/INFO]: [spark] Using Paper ServerTickStartEvent for tick monitoring
[21:30:15] [Server thread/INFO]: [spark] Starting background profiler...
[21:30:15] [Server thread/INFO]: [spark] The async-profiler engine is not supported for your os/arch (windows11/amd64), so the built-in Java engine will be used instead.
[21:30:15] [Server thread/INFO]: [Vanquor] Enabling Vanquor v0.1.0
[21:30:15] [Server thread/INFO]: Vanquor > Vanquor loaded
[21:30:15] [Server thread/INFO]: [AutoReload] Enabling AutoReload v4.6*
[21:30:15] [Server thread/INFO]: [AutoReload] 
--------------------------------------------
Reload complete
[21:30:15] [Server thread/INFO]: §CReload complete
[21:41:20] [Server thread/INFO]: [AutoReload] 
--------------------------------------------
Found the update of folder.
§7File has been added
[21:41:20] [Server thread/INFO]: §CFound the update of folder.
File has been added
[21:41:20] [Server thread/INFO]: Using 4 threads for Netty based IO
[21:41:20] [Server thread/INFO]: Server Ping Player Sample Count: 12
[21:41:20] [Server thread/INFO]: [AutoReload] Disabling AutoReload v4.6
[21:41:20] [Server thread/INFO]: [Vanquor] Disabling Vanquor v0.1.0
[21:41:20] [Server thread/INFO]: [spark] Disabling spark v1.10.59
[21:41:20] [Server thread/INFO]: Loaded 7 recipes
[21:41:20] [Server thread/WARN]: Legacy plugin AutoReload v4.6 does not specify an api-version.
[21:41:20] [Server thread/INFO]: [spark] Loading server plugin spark v1.10.59
[21:41:20] [Server thread/INFO]: [Vanquor] Loading server plugin Vanquor v0.1.0
[21:41:20] [Server thread/INFO]: [AutoReload] Loading server plugin AutoReload v4.6
[21:41:20] [Server thread/INFO]: Server permissions file permissions.yml is empty, ignoring it
[21:41:20] [Server thread/INFO]: [spark] Enabling spark v1.10.59
[21:41:20] [Server thread/INFO]: [spark] Using Paper ServerTickStartEvent for tick monitoring
[21:41:20] [Server thread/INFO]: [spark] Starting background profiler...
[21:41:20] [Server thread/INFO]: [spark] The async-profiler engine is not supported for your os/arch (windows11/amd64), so the built-in Java engine will be used instead.
[21:41:20] [Server thread/INFO]: [Vanquor] Enabling Vanquor v0.1.0
[21:41:20] [Server thread/INFO]: Vanquor > Vanquor loaded
[21:41:20] [Server thread/INFO]: [AutoReload] Enabling AutoReload v4.6*
[21:41:20] [Server thread/INFO]: [AutoReload] 
--------------------------------------------
Reload complete
[21:41:20] [Server thread/INFO]: §CReload complete
